[2019-03-06 12:28:33.788 +02:00 INF] Microsoft.AspNetCore.DataProtection.KeyManagement.XmlKeyManager: User profile is available. Using 'C:\Users\Cool\AppData\Local\ASP.NET\DataProtection-Keys' as key repository and Windows DPAPI to encrypt keys at rest.
[2019-03-06 12:28:36.734 +02:00 INF] Microsoft.AspNetCore.Hosting.Internal.WebHost: Request starting HTTP/1.1 GET https://localhost:5001/  
[2019-03-06 12:28:37.092 +02:00 INF] Microsoft.AspNetCore.Mvc.Internal.ControllerActionInvoker: Route matched with {action = "Index", controller = "Home", page = "", area = ""}. Executing action MediaGallery.Controllers.HomeController.Index (MediaGallery)
[2019-03-06 12:28:37.138 +02:00 INF] Microsoft.AspNetCore.Mvc.Internal.ControllerActionInvoker: Executing action method MediaGallery.Controllers.HomeController.Index (MediaGallery) with arguments (["1"]) - Validation state: "Valid"
[2019-03-06 12:28:37.462 +02:00 INF] Microsoft.EntityFrameworkCore.Infrastructure: Entity Framework Core 2.2.0-rtm-35687 initialized 'ApplicationDbContext' using provider 'Microsoft.EntityFrameworkCore.Sqlite' with options: None
[2019-03-06 12:28:37.844 +02:00 INF] Microsoft.EntityFrameworkCore.Database.Command: Executed DbCommand (18ms) [Parameters=[], CommandType='"Text"', CommandTimeout='30']
PRAGMA foreign_keys=ON;
[2019-03-06 12:28:37.865 +02:00 INF] Microsoft.EntityFrameworkCore.Database.Command: Executed DbCommand (3ms) [Parameters=[], CommandType='"Text"', CommandTimeout='30']
SELECT COUNT(*)
FROM "Items" AS "i"
WHERE "i"."Discriminator" = 'Photo'
[2019-03-06 12:28:37.897 +02:00 WRN] Microsoft.EntityFrameworkCore.Query: Query: '(from Photo <generated>_3 in DbSet<Photo> select [<generated>_3]).Cast<MediaItem>().Skip(__p_0).Take...' uses a row limiting operation (Skip/Take) without OrderBy which may lead to unpredictable results.
[2019-03-06 12:28:37.911 +02:00 INF] Microsoft.EntityFrameworkCore.Database.Command: Executed DbCommand (0ms) [Parameters=[], CommandType='"Text"', CommandTimeout='30']
PRAGMA foreign_keys=ON;
[2019-03-06 12:28:37.921 +02:00 INF] Microsoft.EntityFrameworkCore.Database.Command: Executed DbCommand (6ms) [Parameters=[@__p_1='?', @__p_0='?'], CommandType='"Text"', CommandTimeout='30']
SELECT "i"."Id", "i"."Discriminator", "i"."ParentFolderId", "i"."Thumbnail", "i"."Title", "i"."FileName", "i"."Video_Latitude", "i"."Video_Longitude"
FROM "Items" AS "i"
WHERE "i"."Discriminator" = 'Photo'
LIMIT @__p_1 OFFSET @__p_0
[2019-03-06 12:28:37.994 +02:00 INF] Microsoft.EntityFrameworkCore.Database.Command: Executed DbCommand (0ms) [Parameters=[], CommandType='"Text"', CommandTimeout='30']
PRAGMA foreign_keys=ON;
[2019-03-06 12:28:37.995 +02:00 INF] Microsoft.EntityFrameworkCore.Database.Command: Executed DbCommand (0ms) [Parameters=[], CommandType='"Text"', CommandTimeout='30']
SELECT "i"."Id", "i"."Discriminator", "i"."ParentFolderId", "i"."Thumbnail", "i"."Title", "i"."FileName", "i"."Video_Latitude", "i"."Video_Longitude"
FROM "Items" AS "i"
WHERE "i"."Discriminator" = 'Photo'
[2019-03-06 12:28:38.000 +02:00 INF] Microsoft.EntityFrameworkCore.Database.Command: Executed DbCommand (0ms) [Parameters=[], CommandType='"Text"', CommandTimeout='30']
PRAGMA foreign_keys=ON;
[2019-03-06 12:28:38.000 +02:00 INF] Microsoft.EntityFrameworkCore.Database.Command: Executed DbCommand (0ms) [Parameters=[], CommandType='"Text"', CommandTimeout='30']
SELECT "i"."Id", "i"."Discriminator", "i"."ParentFolderId", "i"."Thumbnail", "i"."Title", "i"."FileName", "i"."Video_Latitude", "i"."Video_Longitude"
FROM "Items" AS "i"
WHERE "i"."Discriminator" = 'Photo'
[2019-03-06 12:28:38.006 +02:00 INF] Microsoft.AspNetCore.Mvc.Internal.ControllerActionInvoker: Executed action method MediaGallery.Controllers.HomeController.Index (MediaGallery), returned result Microsoft.AspNetCore.Mvc.ViewResult in 859.6074000000001ms.
[2019-03-06 12:28:38.065 +02:00 INF] Microsoft.AspNetCore.Mvc.ViewFeatures.ViewResultExecutor: Executing ViewResult, running view Index.
[2019-03-06 12:28:38.152 +02:00 INF] Microsoft.EntityFrameworkCore.Database.Command: Executed DbCommand (0ms) [Parameters=[], CommandType='"Text"', CommandTimeout='30']
PRAGMA foreign_keys=ON;
[2019-03-06 12:28:38.153 +02:00 INF] Microsoft.EntityFrameworkCore.Database.Command: Executed DbCommand (0ms) [Parameters=[], CommandType='"Text"', CommandTimeout='30']
SELECT "i"."Id", "i"."Discriminator", "i"."ParentFolderId", "i"."Thumbnail", "i"."Title"
FROM "Items" AS "i"
WHERE "i"."Discriminator" = 'MediaFolder'
[2019-03-06 12:28:38.190 +02:00 INF] Microsoft.EntityFrameworkCore.Database.Command: Executed DbCommand (0ms) [Parameters=[], CommandType='"Text"', CommandTimeout='30']
PRAGMA foreign_keys=ON;
[2019-03-06 12:28:38.191 +02:00 INF] Microsoft.EntityFrameworkCore.Database.Command: Executed DbCommand (0ms) [Parameters=[], CommandType='"Text"', CommandTimeout='30']
SELECT "f"."Id", "f"."Discriminator", "f"."ParentFolderId", "f"."Thumbnail", "f"."Title"
FROM "Items" AS "f"
WHERE ("f"."Discriminator" = 'MediaFolder') AND "f"."ParentFolderId" IS NULL
ORDER BY "f"."Title"
[2019-03-06 12:28:38.404 +02:00 INF] Microsoft.AspNetCore.Mvc.ViewFeatures.ViewResultExecutor: Executed ViewResult - view Index executed in 384.3004ms.
[2019-03-06 12:28:38.405 +02:00 INF] Microsoft.AspNetCore.Mvc.Internal.ControllerActionInvoker: Executed action MediaGallery.Controllers.HomeController.Index (MediaGallery) in 1311.7406ms
[2019-03-06 12:28:38.428 +02:00 INF] Microsoft.AspNetCore.Hosting.Internal.WebHost: Request starting HTTP/1.1 GET https://localhost:5001/assets/plugins/fancybox/source/jquery.fancybox.css  
[2019-03-06 12:28:38.428 +02:00 INF] Microsoft.AspNetCore.Hosting.Internal.WebHost: Request starting HTTP/1.1 GET https://localhost:5001/assets/pages/css/style-shop.css  
[2019-03-06 12:28:38.429 +02:00 INF] Microsoft.AspNetCore.Hosting.Internal.WebHost: Request finished in 1695.2135ms 200 text/html; charset=utf-8
[2019-03-06 12:28:38.430 +02:00 INF] Microsoft.AspNetCore.Hosting.Internal.WebHost: Request starting HTTP/1.1 GET https://localhost:5001/assets/corporate/css/style.css  
[2019-03-06 12:28:38.430 +02:00 INF] Microsoft.AspNetCore.Hosting.Internal.WebHost: Request starting HTTP/1.1 GET https://localhost:5001/assets/pages/css/slider.css  
[2019-03-06 12:28:38.494 +02:00 INF] Microsoft.AspNetCore.Hosting.Internal.WebHost: Request starting HTTP/1.1 GET https://localhost:5001/assets/corporate/css/themes/red.css  
[2019-03-06 12:28:38.494 +02:00 INF] Microsoft.AspNetCore.Hosting.Internal.WebHost: Request starting HTTP/1.1 GET https://localhost:5001/assets/corporate/css/style-responsive.css  
[2019-03-06 12:28:38.498 +02:00 INF] Microsoft.AspNetCore.StaticFiles.StaticFileMiddleware: Sending file. Request path: '/assets/pages/css/slider.css'. Physical path: 'D:\#Games and Apps\GITHUB\Polykas2018\22-AspNetCorePagingSolution\MediaGallery\wwwroot\assets\pages\css\slider.css'
[2019-03-06 12:28:38.498 +02:00 INF] Microsoft.AspNetCore.StaticFiles.StaticFileMiddleware: Sending file. Request path: '/assets/pages/css/style-shop.css'. Physical path: 'D:\#Games and Apps\GITHUB\Polykas2018\22-AspNetCorePagingSolution\MediaGallery\wwwroot\assets\pages\css\style-shop.css'
[2019-03-06 12:28:38.501 +02:00 INF] Microsoft.AspNetCore.Hosting.Internal.WebHost: Request finished in 72.9865ms 200 text/css
[2019-03-06 12:28:38.501 +02:00 INF] Microsoft.AspNetCore.Hosting.Internal.WebHost: Request finished in 71.049ms 200 text/css
[2019-03-06 12:28:38.502 +02:00 INF] Microsoft.AspNetCore.StaticFiles.StaticFileMiddleware: Sending file. Request path: '/assets/plugins/fancybox/source/jquery.fancybox.css'. Physical path: 'D:\#Games and Apps\GITHUB\Polykas2018\22-AspNetCorePagingSolution\MediaGallery\wwwroot\assets\plugins\fancybox\source\jquery.fancybox.css'
[2019-03-06 12:28:38.502 +02:00 INF] Microsoft.AspNetCore.StaticFiles.StaticFileMiddleware: Sending file. Request path: '/assets/corporate/css/style.css'. Physical path: 'D:\#Games and Apps\GITHUB\Polykas2018\22-AspNetCorePagingSolution\MediaGallery\wwwroot\assets\corporate\css\style.css'
[2019-03-06 12:28:38.502 +02:00 INF] Microsoft.AspNetCore.Hosting.Internal.WebHost: Request finished in 73.5395ms 200 text/css
[2019-03-06 12:28:38.502 +02:00 INF] Microsoft.AspNetCore.Hosting.Internal.WebHost: Request finished in 71.9399ms 200 text/css
[2019-03-06 12:28:38.509 +02:00 INF] Microsoft.AspNetCore.StaticFiles.StaticFileMiddleware: Sending file. Request path: '/assets/corporate/css/style-responsive.css'. Physical path: 'D:\#Games and Apps\GITHUB\Polykas2018\22-AspNetCorePagingSolution\MediaGallery\wwwroot\assets\corporate\css\style-responsive.css'
[2019-03-06 12:28:38.509 +02:00 INF] Microsoft.AspNetCore.Hosting.Internal.WebHost: Request finished in 15.749ms 200 text/css
[2019-03-06 12:28:38.510 +02:00 INF] Microsoft.AspNetCore.StaticFiles.StaticFileMiddleware: Sending file. Request path: '/assets/corporate/css/themes/red.css'. Physical path: 'D:\#Games and Apps\GITHUB\Polykas2018\22-AspNetCorePagingSolution\MediaGallery\wwwroot\assets\corporate\css\themes\red.css'
[2019-03-06 12:28:38.510 +02:00 INF] Microsoft.AspNetCore.Hosting.Internal.WebHost: Request finished in 16.3142ms 200 text/css
[2019-03-06 12:28:38.510 +02:00 INF] Microsoft.AspNetCore.Hosting.Internal.WebHost: Request starting HTTP/1.1 GET https://localhost:5001/Home/GetFile/4  
[2019-03-06 12:28:38.510 +02:00 INF] Microsoft.AspNetCore.Hosting.Internal.WebHost: Request starting HTTP/1.1 GET https://localhost:5001/assets/corporate/img/logos/logo-shop-red.png  
[2019-03-06 12:28:38.510 +02:00 INF] Microsoft.AspNetCore.Hosting.Internal.WebHost: Request starting HTTP/1.1 GET https://localhost:5001/assets/corporate/css/custom.css  
[2019-03-06 12:28:38.513 +02:00 INF] Microsoft.AspNetCore.Hosting.Internal.WebHost: Request finished in 2.8297ms 404 
[2019-03-06 12:28:38.516 +02:00 INF] Microsoft.AspNetCore.Hosting.Internal.WebHost: Request starting HTTP/1.1 GET https://localhost:5001/assets/plugins/owl.carousel/assets/owl.carousel.css  
[2019-03-06 12:28:38.524 +02:00 INF] Microsoft.AspNetCore.Hosting.Internal.WebHost: Request starting HTTP/1.1 GET https://localhost:5001/Home/GetFile/15  
[2019-03-06 12:28:38.524 +02:00 INF] Microsoft.AspNetCore.Mvc.Internal.ControllerActionInvoker: Route matched with {action = "GetFile", controller = "Home", page = "", area = ""}. Executing action MediaGallery.Controllers.HomeController.GetFile (MediaGallery)
[2019-03-06 12:28:38.524 +02:00 INF] Microsoft.AspNetCore.Mvc.Internal.ControllerActionInvoker: Route matched with {action = "GetFile", controller = "Home", page = "", area = ""}. Executing action MediaGallery.Controllers.HomeController.GetFile (MediaGallery)
[2019-03-06 12:28:38.525 +02:00 INF] Microsoft.AspNetCore.StaticFiles.StaticFileMiddleware: Sending file. Request path: '/assets/corporate/css/custom.css'. Physical path: 'D:\#Games and Apps\GITHUB\Polykas2018\22-AspNetCorePagingSolution\MediaGallery\wwwroot\assets\corporate\css\custom.css'
[2019-03-06 12:28:38.525 +02:00 INF] Microsoft.AspNetCore.Hosting.Internal.WebHost: Request finished in 14.7324ms 200 text/css
[2019-03-06 12:28:38.525 +02:00 INF] Microsoft.AspNetCore.Hosting.Internal.WebHost: Request starting HTTP/1.1 GET https://localhost:5001/assets/pages/css/components.css  
[2019-03-06 12:28:38.528 +02:00 INF] Microsoft.AspNetCore.StaticFiles.StaticFileMiddleware: Sending file. Request path: '/assets/plugins/owl.carousel/assets/owl.carousel.css'. Physical path: 'D:\#Games and Apps\GITHUB\Polykas2018\22-AspNetCorePagingSolution\MediaGallery\wwwroot\assets\plugins\owl.carousel\assets\owl.carousel.css'
[2019-03-06 12:28:38.528 +02:00 INF] Microsoft.AspNetCore.Hosting.Internal.WebHost: Request finished in 12.1899ms 200 text/css
[2019-03-06 12:28:38.528 +02:00 INF] Microsoft.AspNetCore.Hosting.Internal.WebHost: Request starting HTTP/1.1 GET https://localhost:5001/Home/GetFile/5  
[2019-03-06 12:28:38.529 +02:00 INF] Microsoft.AspNetCore.Mvc.Internal.ControllerActionInvoker: Route matched with {action = "GetFile", controller = "Home", page = "", area = ""}. Executing action MediaGallery.Controllers.HomeController.GetFile (MediaGallery)
[2019-03-06 12:28:38.533 +02:00 INF] Microsoft.AspNetCore.Mvc.Internal.ControllerActionInvoker: Executing action method MediaGallery.Controllers.HomeController.GetFile (MediaGallery) with arguments (["15"]) - Validation state: "Valid"
[2019-03-06 12:28:38.533 +02:00 INF] Microsoft.AspNetCore.Mvc.Internal.ControllerActionInvoker: Executing action method MediaGallery.Controllers.HomeController.GetFile (MediaGallery) with arguments (["5"]) - Validation state: "Valid"
[2019-03-06 12:28:38.533 +02:00 INF] Microsoft.AspNetCore.Mvc.Internal.ControllerActionInvoker: Executing action method MediaGallery.Controllers.HomeController.GetFile (MediaGallery) with arguments (["4"]) - Validation state: "Valid"
[2019-03-06 12:28:38.536 +02:00 INF] Microsoft.EntityFrameworkCore.Infrastructure: Entity Framework Core 2.2.0-rtm-35687 initialized 'ApplicationDbContext' using provider 'Microsoft.EntityFrameworkCore.Sqlite' with options: None
[2019-03-06 12:28:38.536 +02:00 INF] Microsoft.EntityFrameworkCore.Infrastructure: Entity Framework Core 2.2.0-rtm-35687 initialized 'ApplicationDbContext' using provider 'Microsoft.EntityFrameworkCore.Sqlite' with options: None
[2019-03-06 12:28:38.536 +02:00 INF] Microsoft.EntityFrameworkCore.Infrastructure: Entity Framework Core 2.2.0-rtm-35687 initialized 'ApplicationDbContext' using provider 'Microsoft.EntityFrameworkCore.Sqlite' with options: None
[2019-03-06 12:28:38.538 +02:00 INF] Microsoft.AspNetCore.StaticFiles.StaticFileMiddleware: Sending file. Request path: '/assets/pages/css/components.css'. Physical path: 'D:\#Games and Apps\GITHUB\Polykas2018\22-AspNetCorePagingSolution\MediaGallery\wwwroot\assets\pages\css\components.css'
[2019-03-06 12:28:38.538 +02:00 INF] Microsoft.AspNetCore.Hosting.Internal.WebHost: Request finished in 13.4314ms 200 text/css
[2019-03-06 12:28:38.546 +02:00 INF] Microsoft.AspNetCore.Hosting.Internal.WebHost: Request starting HTTP/1.1 GET https://localhost:5001/Home/GetFile/6  
[2019-03-06 12:28:38.547 +02:00 INF] Microsoft.AspNetCore.Mvc.Internal.ControllerActionInvoker: Route matched with {action = "GetFile", controller = "Home", page = "", area = ""}. Executing action MediaGallery.Controllers.HomeController.GetFile (MediaGallery)
[2019-03-06 12:28:38.547 +02:00 INF] Microsoft.AspNetCore.Mvc.Internal.ControllerActionInvoker: Executing action method MediaGallery.Controllers.HomeController.GetFile (MediaGallery) with arguments (["6"]) - Validation state: "Valid"
[2019-03-06 12:28:38.547 +02:00 INF] Microsoft.EntityFrameworkCore.Infrastructure: Entity Framework Core 2.2.0-rtm-35687 initialized 'ApplicationDbContext' using provider 'Microsoft.EntityFrameworkCore.Sqlite' with options: None
[2019-03-06 12:28:38.594 +02:00 INF] Microsoft.EntityFrameworkCore.Database.Command: Executed DbCommand (0ms) [Parameters=[], CommandType='"Text"', CommandTimeout='30']
PRAGMA foreign_keys=ON;
[2019-03-06 12:28:38.594 +02:00 INF] Microsoft.EntityFrameworkCore.Database.Command: Executed DbCommand (0ms) [Parameters=[], CommandType='"Text"', CommandTimeout='30']
PRAGMA foreign_keys=ON;
[2019-03-06 12:28:38.594 +02:00 INF] Microsoft.EntityFrameworkCore.Database.Command: Executed DbCommand (0ms) [Parameters=[], CommandType='"Text"', CommandTimeout='30']
PRAGMA foreign_keys=ON;
[2019-03-06 12:28:38.597 +02:00 INF] Microsoft.EntityFrameworkCore.Database.Command: Executed DbCommand (1ms) [Parameters=[@__id_0='?'], CommandType='"Text"', CommandTimeout='30']
SELECT "p"."Id", "p"."Discriminator", "p"."ParentFolderId", "p"."Thumbnail", "p"."Title", "p"."FileName", "p"."Video_Latitude", "p"."Video_Longitude", "t"."Id", "t"."Discriminator", "t"."ParentFolderId", "t"."Thumbnail", "t"."Title"
FROM "Items" AS "p"
LEFT JOIN (
    SELECT "p.ParentFolder".*
    FROM "Items" AS "p.ParentFolder"
    WHERE "p.ParentFolder"."Discriminator" = 'MediaFolder'
) AS "t" ON "p"."ParentFolderId" = "t"."Id"
WHERE "p"."Discriminator" IN ('Video', 'Photo', 'MediaFolder') AND ("p"."Id" = @__id_0)
LIMIT 1
[2019-03-06 12:28:38.598 +02:00 INF] Microsoft.EntityFrameworkCore.Database.Command: Executed DbCommand (1ms) [Parameters=[@__id_0='?'], CommandType='"Text"', CommandTimeout='30']
SELECT "p"."Id", "p"."Discriminator", "p"."ParentFolderId", "p"."Thumbnail", "p"."Title", "p"."FileName", "p"."Video_Latitude", "p"."Video_Longitude", "t"."Id", "t"."Discriminator", "t"."ParentFolderId", "t"."Thumbnail", "t"."Title"
FROM "Items" AS "p"
LEFT JOIN (
    SELECT "p.ParentFolder".*
    FROM "Items" AS "p.ParentFolder"
    WHERE "p.ParentFolder"."Discriminator" = 'MediaFolder'
) AS "t" ON "p"."ParentFolderId" = "t"."Id"
WHERE "p"."Discriminator" IN ('Video', 'Photo', 'MediaFolder') AND ("p"."Id" = @__id_0)
LIMIT 1
[2019-03-06 12:28:38.598 +02:00 INF] Microsoft.EntityFrameworkCore.Database.Command: Executed DbCommand (0ms) [Parameters=[], CommandType='"Text"', CommandTimeout='30']
PRAGMA foreign_keys=ON;
[2019-03-06 12:28:38.599 +02:00 INF] Microsoft.EntityFrameworkCore.Database.Command: Executed DbCommand (1ms) [Parameters=[@__id_0='?'], CommandType='"Text"', CommandTimeout='30']
SELECT "p"."Id", "p"."Discriminator", "p"."ParentFolderId", "p"."Thumbnail", "p"."Title", "p"."FileName", "p"."Video_Latitude", "p"."Video_Longitude", "t"."Id", "t"."Discriminator", "t"."ParentFolderId", "t"."Thumbnail", "t"."Title"
FROM "Items" AS "p"
LEFT JOIN (
    SELECT "p.ParentFolder".*
    FROM "Items" AS "p.ParentFolder"
    WHERE "p.ParentFolder"."Discriminator" = 'MediaFolder'
) AS "t" ON "p"."ParentFolderId" = "t"."Id"
WHERE "p"."Discriminator" IN ('Video', 'Photo', 'MediaFolder') AND ("p"."Id" = @__id_0)
LIMIT 1
[2019-03-06 12:28:38.600 +02:00 INF] Microsoft.EntityFrameworkCore.Database.Command: Executed DbCommand (3ms) [Parameters=[@__id_0='?'], CommandType='"Text"', CommandTimeout='30']
SELECT "p"."Id", "p"."Discriminator", "p"."ParentFolderId", "p"."Thumbnail", "p"."Title", "p"."FileName", "p"."Video_Latitude", "p"."Video_Longitude", "t"."Id", "t"."Discriminator", "t"."ParentFolderId", "t"."Thumbnail", "t"."Title"
FROM "Items" AS "p"
LEFT JOIN (
    SELECT "p.ParentFolder".*
    FROM "Items" AS "p.ParentFolder"
    WHERE "p.ParentFolder"."Discriminator" = 'MediaFolder'
) AS "t" ON "p"."ParentFolderId" = "t"."Id"
WHERE "p"."Discriminator" IN ('Video', 'Photo', 'MediaFolder') AND ("p"."Id" = @__id_0)
LIMIT 1
[2019-03-06 12:28:38.619 +02:00 INF] Microsoft.AspNetCore.Mvc.Internal.ControllerActionInvoker: Executed action method MediaGallery.Controllers.HomeController.GetFile (MediaGallery), returned result Microsoft.AspNetCore.Mvc.EmptyResult in 86.4058ms.
[2019-03-06 12:28:38.620 +02:00 INF] Microsoft.AspNetCore.Mvc.Internal.ControllerActionInvoker: Executed action MediaGallery.Controllers.HomeController.GetFile (MediaGallery) in 91.3986ms
[2019-03-06 12:28:38.620 +02:00 INF] Microsoft.AspNetCore.Hosting.Internal.WebHost: Request finished in 91.7952ms 200 
[2019-03-06 12:28:38.625 +02:00 INF] Microsoft.AspNetCore.Hosting.Internal.WebHost: Request starting HTTP/1.1 GET https://localhost:5001/Home/GetFile/22  
[2019-03-06 12:28:38.625 +02:00 INF] Microsoft.AspNetCore.Mvc.Internal.ControllerActionInvoker: Route matched with {action = "GetFile", controller = "Home", page = "", area = ""}. Executing action MediaGallery.Controllers.HomeController.GetFile (MediaGallery)
[2019-03-06 12:28:38.626 +02:00 INF] Microsoft.AspNetCore.Mvc.Internal.ControllerActionInvoker: Executing action method MediaGallery.Controllers.HomeController.GetFile (MediaGallery) with arguments (["22"]) - Validation state: "Valid"
[2019-03-06 12:28:38.626 +02:00 INF] Microsoft.EntityFrameworkCore.Infrastructure: Entity Framework Core 2.2.0-rtm-35687 initialized 'ApplicationDbContext' using provider 'Microsoft.EntityFrameworkCore.Sqlite' with options: None
[2019-03-06 12:28:38.628 +02:00 INF] Microsoft.EntityFrameworkCore.Database.Command: Executed DbCommand (0ms) [Parameters=[], CommandType='"Text"', CommandTimeout='30']
PRAGMA foreign_keys=ON;
[2019-03-06 12:28:38.629 +02:00 INF] Microsoft.EntityFrameworkCore.Database.Command: Executed DbCommand (1ms) [Parameters=[@__id_0='?'], CommandType='"Text"', CommandTimeout='30']
SELECT "p"."Id", "p"."Discriminator", "p"."ParentFolderId", "p"."Thumbnail", "p"."Title", "p"."FileName", "p"."Video_Latitude", "p"."Video_Longitude", "t"."Id", "t"."Discriminator", "t"."ParentFolderId", "t"."Thumbnail", "t"."Title"
FROM "Items" AS "p"
LEFT JOIN (
    SELECT "p.ParentFolder".*
    FROM "Items" AS "p.ParentFolder"
    WHERE "p.ParentFolder"."Discriminator" = 'MediaFolder'
) AS "t" ON "p"."ParentFolderId" = "t"."Id"
WHERE "p"."Discriminator" IN ('Video', 'Photo', 'MediaFolder') AND ("p"."Id" = @__id_0)
LIMIT 1
[2019-03-06 12:28:38.645 +02:00 INF] Microsoft.EntityFrameworkCore.Database.Command: Executed DbCommand (0ms) [Parameters=[], CommandType='"Text"', CommandTimeout='30']
PRAGMA foreign_keys=ON;
[2019-03-06 12:28:38.646 +02:00 INF] Microsoft.EntityFrameworkCore.Database.Command: Executed DbCommand (1ms) [Parameters=[@__id_0='?'], CommandType='"Text"', CommandTimeout='30']
SELECT "f"."Id", "f"."Discriminator", "f"."ParentFolderId", "f"."Thumbnail", "f"."Title", "t"."Id", "t"."Discriminator", "t"."ParentFolderId", "t"."Thumbnail", "t"."Title"
FROM "Items" AS "f"
LEFT JOIN (
    SELECT "f.ParentFolder".*
    FROM "Items" AS "f.ParentFolder"
    WHERE "f.ParentFolder"."Discriminator" = 'MediaFolder'
) AS "t" ON "f"."ParentFolderId" = "t"."Id"
WHERE ("f"."Discriminator" = 'MediaFolder') AND ("f"."Id" = @__id_0)
LIMIT 1
[2019-03-06 12:28:39.596 +02:00 INF] Microsoft.AspNetCore.Hosting.Internal.WebHost: Request starting HTTP/1.1 GET https://localhost:5001/Home/GetFile/19  
[2019-03-06 12:28:39.599 +02:00 INF] Microsoft.AspNetCore.Mvc.Internal.ControllerActionInvoker: Route matched with {action = "GetFile", controller = "Home", page = "", area = ""}. Executing action MediaGallery.Controllers.HomeController.GetFile (MediaGallery)
[2019-03-06 12:28:39.601 +02:00 INF] Microsoft.AspNetCore.Mvc.Internal.ControllerActionInvoker: Executing action method MediaGallery.Controllers.HomeController.GetFile (MediaGallery) with arguments (["19"]) - Validation state: "Valid"
[2019-03-06 12:28:39.601 +02:00 INF] Microsoft.EntityFrameworkCore.Infrastructure: Entity Framework Core 2.2.0-rtm-35687 initialized 'ApplicationDbContext' using provider 'Microsoft.EntityFrameworkCore.Sqlite' with options: None
[2019-03-06 12:28:39.604 +02:00 INF] Microsoft.EntityFrameworkCore.Database.Command: Executed DbCommand (0ms) [Parameters=[], CommandType='"Text"', CommandTimeout='30']
PRAGMA foreign_keys=ON;
[2019-03-06 12:28:39.606 +02:00 INF] Microsoft.EntityFrameworkCore.Database.Command: Executed DbCommand (1ms) [Parameters=[@__id_0='?'], CommandType='"Text"', CommandTimeout='30']
SELECT "p"."Id", "p"."Discriminator", "p"."ParentFolderId", "p"."Thumbnail", "p"."Title", "p"."FileName", "p"."Video_Latitude", "p"."Video_Longitude", "t"."Id", "t"."Discriminator", "t"."ParentFolderId", "t"."Thumbnail", "t"."Title"
FROM "Items" AS "p"
LEFT JOIN (
    SELECT "p.ParentFolder".*
    FROM "Items" AS "p.ParentFolder"
    WHERE "p.ParentFolder"."Discriminator" = 'MediaFolder'
) AS "t" ON "p"."ParentFolderId" = "t"."Id"
WHERE "p"."Discriminator" IN ('Video', 'Photo', 'MediaFolder') AND ("p"."Id" = @__id_0)
LIMIT 1
[2019-03-06 12:28:39.613 +02:00 INF] Microsoft.EntityFrameworkCore.Database.Command: Executed DbCommand (0ms) [Parameters=[], CommandType='"Text"', CommandTimeout='30']
PRAGMA foreign_keys=ON;
[2019-03-06 12:28:39.614 +02:00 INF] Microsoft.EntityFrameworkCore.Database.Command: Executed DbCommand (1ms) [Parameters=[@__id_0='?'], CommandType='"Text"', CommandTimeout='30']
SELECT "f"."Id", "f"."Discriminator", "f"."ParentFolderId", "f"."Thumbnail", "f"."Title", "t"."Id", "t"."Discriminator", "t"."ParentFolderId", "t"."Thumbnail", "t"."Title"
FROM "Items" AS "f"
LEFT JOIN (
    SELECT "f.ParentFolder".*
    FROM "Items" AS "f.ParentFolder"
    WHERE "f.ParentFolder"."Discriminator" = 'MediaFolder'
) AS "t" ON "f"."ParentFolderId" = "t"."Id"
WHERE ("f"."Discriminator" = 'MediaFolder') AND ("f"."Id" = @__id_0)
LIMIT 1
[2019-03-06 12:28:39.629 +02:00 INF] Microsoft.AspNetCore.Hosting.Internal.WebHost: Request starting HTTP/1.1 GET https://localhost:5001/Home/GetFile/20  
[2019-03-06 12:28:39.629 +02:00 INF] Microsoft.AspNetCore.Mvc.Internal.ControllerActionInvoker: Route matched with {action = "GetFile", controller = "Home", page = "", area = ""}. Executing action MediaGallery.Controllers.HomeController.GetFile (MediaGallery)
[2019-03-06 12:28:39.629 +02:00 INF] Microsoft.AspNetCore.Mvc.Internal.ControllerActionInvoker: Executing action method MediaGallery.Controllers.HomeController.GetFile (MediaGallery) with arguments (["20"]) - Validation state: "Valid"
[2019-03-06 12:28:39.630 +02:00 INF] Microsoft.EntityFrameworkCore.Infrastructure: Entity Framework Core 2.2.0-rtm-35687 initialized 'ApplicationDbContext' using provider 'Microsoft.EntityFrameworkCore.Sqlite' with options: None
[2019-03-06 12:28:39.630 +02:00 INF] Microsoft.EntityFrameworkCore.Database.Command: Executed DbCommand (0ms) [Parameters=[], CommandType='"Text"', CommandTimeout='30']
PRAGMA foreign_keys=ON;
[2019-03-06 12:28:39.631 +02:00 INF] Microsoft.EntityFrameworkCore.Database.Command: Executed DbCommand (0ms) [Parameters=[@__id_0='?'], CommandType='"Text"', CommandTimeout='30']
SELECT "p"."Id", "p"."Discriminator", "p"."ParentFolderId", "p"."Thumbnail", "p"."Title", "p"."FileName", "p"."Video_Latitude", "p"."Video_Longitude", "t"."Id", "t"."Discriminator", "t"."ParentFolderId", "t"."Thumbnail", "t"."Title"
FROM "Items" AS "p"
LEFT JOIN (
    SELECT "p.ParentFolder".*
    FROM "Items" AS "p.ParentFolder"
    WHERE "p.ParentFolder"."Discriminator" = 'MediaFolder'
) AS "t" ON "p"."ParentFolderId" = "t"."Id"
WHERE "p"."Discriminator" IN ('Video', 'Photo', 'MediaFolder') AND ("p"."Id" = @__id_0)
LIMIT 1
[2019-03-06 12:28:39.632 +02:00 INF] Microsoft.EntityFrameworkCore.Database.Command: Executed DbCommand (0ms) [Parameters=[], CommandType='"Text"', CommandTimeout='30']
PRAGMA foreign_keys=ON;
[2019-03-06 12:28:39.633 +02:00 INF] Microsoft.EntityFrameworkCore.Database.Command: Executed DbCommand (1ms) [Parameters=[@__id_0='?'], CommandType='"Text"', CommandTimeout='30']
SELECT "f"."Id", "f"."Discriminator", "f"."ParentFolderId", "f"."Thumbnail", "f"."Title", "t"."Id", "t"."Discriminator", "t"."ParentFolderId", "t"."Thumbnail", "t"."Title"
FROM "Items" AS "f"
LEFT JOIN (
    SELECT "f.ParentFolder".*
    FROM "Items" AS "f.ParentFolder"
    WHERE "f.ParentFolder"."Discriminator" = 'MediaFolder'
) AS "t" ON "f"."ParentFolderId" = "t"."Id"
WHERE ("f"."Discriminator" = 'MediaFolder') AND ("f"."Id" = @__id_0)
LIMIT 1
[2019-03-06 12:28:40.615 +02:00 INF] Microsoft.AspNetCore.Mvc.Internal.ControllerActionInvoker: Executed action method MediaGallery.Controllers.HomeController.GetFile (MediaGallery), returned result Microsoft.AspNetCore.Mvc.EmptyResult in 2082.3707ms.
[2019-03-06 12:28:40.615 +02:00 INF] Microsoft.AspNetCore.Mvc.Internal.ControllerActionInvoker: Executed action MediaGallery.Controllers.HomeController.GetFile (MediaGallery) in 2091.3179ms
[2019-03-06 12:28:40.616 +02:00 INF] Microsoft.AspNetCore.Hosting.Internal.WebHost: Request finished in 2092.3902ms 200 
[2019-03-06 12:28:40.647 +02:00 INF] Microsoft.AspNetCore.Mvc.Internal.ControllerActionInvoker: Executed action method MediaGallery.Controllers.HomeController.GetFile (MediaGallery), returned result Microsoft.AspNetCore.Mvc.EmptyResult in 1018.1856ms.
[2019-03-06 12:28:40.648 +02:00 INF] Microsoft.AspNetCore.Mvc.Internal.ControllerActionInvoker: Executed action MediaGallery.Controllers.HomeController.GetFile (MediaGallery) in 1018.6208ms
[2019-03-06 12:28:40.648 +02:00 INF] Microsoft.AspNetCore.Hosting.Internal.WebHost: Request finished in 1019.2413ms 200 
[2019-03-06 12:28:40.656 +02:00 INF] Microsoft.AspNetCore.Hosting.Internal.WebHost: Request starting HTTP/1.1 GET https://localhost:5001/assets/plugins/jquery-migrate.min.js  
[2019-03-06 12:28:40.686 +02:00 INF] Microsoft.AspNetCore.Hosting.Internal.WebHost: Request starting HTTP/1.1 GET https://localhost:5001/Home/GetFile/33  
[2019-03-06 12:28:40.686 +02:00 INF] Microsoft.AspNetCore.Mvc.Internal.ControllerActionInvoker: Route matched with {action = "GetFile", controller = "Home", page = "", area = ""}. Executing action MediaGallery.Controllers.HomeController.GetFile (MediaGallery)
[2019-03-06 12:28:40.686 +02:00 INF] Microsoft.AspNetCore.Mvc.Internal.ControllerActionInvoker: Executing action method MediaGallery.Controllers.HomeController.GetFile (MediaGallery) with arguments (["33"]) - Validation state: "Valid"
[2019-03-06 12:28:40.689 +02:00 INF] Microsoft.EntityFrameworkCore.Infrastructure: Entity Framework Core 2.2.0-rtm-35687 initialized 'ApplicationDbContext' using provider 'Microsoft.EntityFrameworkCore.Sqlite' with options: None
[2019-03-06 12:28:40.690 +02:00 INF] Microsoft.AspNetCore.Hosting.Internal.WebHost: Request starting HTTP/1.1 GET https://localhost:5001/Home/GetFile/23  
[2019-03-06 12:28:40.690 +02:00 INF] Microsoft.AspNetCore.Mvc.Internal.ControllerActionInvoker: Route matched with {action = "GetFile", controller = "Home", page = "", area = ""}. Executing action MediaGallery.Controllers.HomeController.GetFile (MediaGallery)
[2019-03-06 12:28:40.690 +02:00 INF] Microsoft.EntityFrameworkCore.Database.Command: Executed DbCommand (0ms) [Parameters=[], CommandType='"Text"', CommandTimeout='30']
PRAGMA foreign_keys=ON;
[2019-03-06 12:28:40.690 +02:00 INF] Microsoft.AspNetCore.Mvc.Internal.ControllerActionInvoker: Executing action method MediaGallery.Controllers.HomeController.GetFile (MediaGallery) with arguments (["23"]) - Validation state: "Valid"
[2019-03-06 12:28:40.691 +02:00 INF] Microsoft.EntityFrameworkCore.Infrastructure: Entity Framework Core 2.2.0-rtm-35687 initialized 'ApplicationDbContext' using provider 'Microsoft.EntityFrameworkCore.Sqlite' with options: None
[2019-03-06 12:28:40.692 +02:00 INF] Microsoft.EntityFrameworkCore.Database.Command: Executed DbCommand (1ms) [Parameters=[@__id_0='?'], CommandType='"Text"', CommandTimeout='30']
SELECT "p"."Id", "p"."Discriminator", "p"."ParentFolderId", "p"."Thumbnail", "p"."Title", "p"."FileName", "p"."Video_Latitude", "p"."Video_Longitude", "t"."Id", "t"."Discriminator", "t"."ParentFolderId", "t"."Thumbnail", "t"."Title"
FROM "Items" AS "p"
LEFT JOIN (
    SELECT "p.ParentFolder".*
    FROM "Items" AS "p.ParentFolder"
    WHERE "p.ParentFolder"."Discriminator" = 'MediaFolder'
) AS "t" ON "p"."ParentFolderId" = "t"."Id"
WHERE "p"."Discriminator" IN ('Video', 'Photo', 'MediaFolder') AND ("p"."Id" = @__id_0)
LIMIT 1
[2019-03-06 12:28:40.692 +02:00 INF] Microsoft.EntityFrameworkCore.Database.Command: Executed DbCommand (0ms) [Parameters=[], CommandType='"Text"', CommandTimeout='30']
PRAGMA foreign_keys=ON;
[2019-03-06 12:28:40.692 +02:00 INF] Microsoft.AspNetCore.Mvc.Internal.ControllerActionInvoker: Executed action method MediaGallery.Controllers.HomeController.GetFile (MediaGallery), returned result Microsoft.AspNetCore.Mvc.EmptyResult in 2145.3282ms.
[2019-03-06 12:28:40.692 +02:00 INF] Microsoft.AspNetCore.Mvc.Internal.ControllerActionInvoker: Executed action MediaGallery.Controllers.HomeController.GetFile (MediaGallery) in 2145.6541ms
[2019-03-06 12:28:40.692 +02:00 INF] Microsoft.EntityFrameworkCore.Database.Command: Executed DbCommand (1ms) [Parameters=[@__id_0='?'], CommandType='"Text"', CommandTimeout='30']
SELECT "p"."Id", "p"."Discriminator", "p"."ParentFolderId", "p"."Thumbnail", "p"."Title", "p"."FileName", "p"."Video_Latitude", "p"."Video_Longitude", "t"."Id", "t"."Discriminator", "t"."ParentFolderId", "t"."Thumbnail", "t"."Title"
FROM "Items" AS "p"
LEFT JOIN (
    SELECT "p.ParentFolder".*
    FROM "Items" AS "p.ParentFolder"
    WHERE "p.ParentFolder"."Discriminator" = 'MediaFolder'
) AS "t" ON "p"."ParentFolderId" = "t"."Id"
WHERE "p"."Discriminator" IN ('Video', 'Photo', 'MediaFolder') AND ("p"."Id" = @__id_0)
LIMIT 1
[2019-03-06 12:28:40.692 +02:00 INF] Microsoft.AspNetCore.Hosting.Internal.WebHost: Request finished in 2146.0316ms 200 
[2019-03-06 12:28:40.693 +02:00 INF] Microsoft.AspNetCore.Hosting.Internal.WebHost: Request starting HTTP/1.1 GET https://localhost:5001/Home/GetFile/28  
[2019-03-06 12:28:40.693 +02:00 INF] Microsoft.AspNetCore.Mvc.Internal.ControllerActionInvoker: Route matched with {action = "GetFile", controller = "Home", page = "", area = ""}. Executing action MediaGallery.Controllers.HomeController.GetFile (MediaGallery)
[2019-03-06 12:28:40.693 +02:00 INF] Microsoft.EntityFrameworkCore.Database.Command: Executed DbCommand (0ms) [Parameters=[], CommandType='"Text"', CommandTimeout='30']
PRAGMA foreign_keys=ON;
[2019-03-06 12:28:40.694 +02:00 INF] Microsoft.EntityFrameworkCore.Database.Command: Executed DbCommand (1ms) [Parameters=[@__id_0='?'], CommandType='"Text"', CommandTimeout='30']
SELECT "f"."Id", "f"."Discriminator", "f"."ParentFolderId", "f"."Thumbnail", "f"."Title", "t"."Id", "t"."Discriminator", "t"."ParentFolderId", "t"."Thumbnail", "t"."Title"
FROM "Items" AS "f"
LEFT JOIN (
    SELECT "f.ParentFolder".*
    FROM "Items" AS "f.ParentFolder"
    WHERE "f.ParentFolder"."Discriminator" = 'MediaFolder'
) AS "t" ON "f"."ParentFolderId" = "t"."Id"
WHERE ("f"."Discriminator" = 'MediaFolder') AND ("f"."Id" = @__id_0)
LIMIT 1
[2019-03-06 12:28:40.694 +02:00 INF] Microsoft.AspNetCore.Mvc.Internal.ControllerActionInvoker: Executing action method MediaGallery.Controllers.HomeController.GetFile (MediaGallery) with arguments (["28"]) - Validation state: "Valid"
[2019-03-06 12:28:40.694 +02:00 INF] Microsoft.EntityFrameworkCore.Database.Command: Executed DbCommand (0ms) [Parameters=[], CommandType='"Text"', CommandTimeout='30']
PRAGMA foreign_keys=ON;
[2019-03-06 12:28:40.694 +02:00 INF] Microsoft.EntityFrameworkCore.Infrastructure: Entity Framework Core 2.2.0-rtm-35687 initialized 'ApplicationDbContext' using provider 'Microsoft.EntityFrameworkCore.Sqlite' with options: None
[2019-03-06 12:28:40.695 +02:00 INF] Microsoft.EntityFrameworkCore.Database.Command: Executed DbCommand (0ms) [Parameters=[@__id_0='?'], CommandType='"Text"', CommandTimeout='30']
SELECT "f"."Id", "f"."Discriminator", "f"."ParentFolderId", "f"."Thumbnail", "f"."Title", "t"."Id", "t"."Discriminator", "t"."ParentFolderId", "t"."Thumbnail", "t"."Title"
FROM "Items" AS "f"
LEFT JOIN (
    SELECT "f.ParentFolder".*
    FROM "Items" AS "f.ParentFolder"
    WHERE "f.ParentFolder"."Discriminator" = 'MediaFolder'
) AS "t" ON "f"."ParentFolderId" = "t"."Id"
WHERE ("f"."Discriminator" = 'MediaFolder') AND ("f"."Id" = @__id_0)
LIMIT 1
[2019-03-06 12:28:40.695 +02:00 INF] Microsoft.EntityFrameworkCore.Database.Command: Executed DbCommand (0ms) [Parameters=[], CommandType='"Text"', CommandTimeout='30']
PRAGMA foreign_keys=ON;
[2019-03-06 12:28:40.696 +02:00 INF] Microsoft.EntityFrameworkCore.Database.Command: Executed DbCommand (0ms) [Parameters=[@__id_0='?'], CommandType='"Text"', CommandTimeout='30']
SELECT "p"."Id", "p"."Discriminator", "p"."ParentFolderId", "p"."Thumbnail", "p"."Title", "p"."FileName", "p"."Video_Latitude", "p"."Video_Longitude", "t"."Id", "t"."Discriminator", "t"."ParentFolderId", "t"."Thumbnail", "t"."Title"
FROM "Items" AS "p"
LEFT JOIN (
    SELECT "p.ParentFolder".*
    FROM "Items" AS "p.ParentFolder"
    WHERE "p.ParentFolder"."Discriminator" = 'MediaFolder'
) AS "t" ON "p"."ParentFolderId" = "t"."Id"
WHERE "p"."Discriminator" IN ('Video', 'Photo', 'MediaFolder') AND ("p"."Id" = @__id_0)
LIMIT 1
[2019-03-06 12:28:40.697 +02:00 INF] Microsoft.EntityFrameworkCore.Database.Command: Executed DbCommand (0ms) [Parameters=[], CommandType='"Text"', CommandTimeout='30']
PRAGMA foreign_keys=ON;
[2019-03-06 12:28:40.697 +02:00 INF] Microsoft.AspNetCore.StaticFiles.StaticFileMiddleware: Sending file. Request path: '/assets/plugins/jquery-migrate.min.js'. Physical path: 'D:\#Games and Apps\GITHUB\Polykas2018\22-AspNetCorePagingSolution\MediaGallery\wwwroot\assets\plugins\jquery-migrate.min.js'
[2019-03-06 12:28:40.697 +02:00 INF] Microsoft.AspNetCore.Hosting.Internal.WebHost: Request finished in 42.9506ms 200 application/javascript
[2019-03-06 12:28:40.697 +02:00 INF] Microsoft.EntityFrameworkCore.Database.Command: Executed DbCommand (1ms) [Parameters=[@__id_0='?'], CommandType='"Text"', CommandTimeout='30']
SELECT "f"."Id", "f"."Discriminator", "f"."ParentFolderId", "f"."Thumbnail", "f"."Title", "t"."Id", "t"."Discriminator", "t"."ParentFolderId", "t"."Thumbnail", "t"."Title"
FROM "Items" AS "f"
LEFT JOIN (
    SELECT "f.ParentFolder".*
    FROM "Items" AS "f.ParentFolder"
    WHERE "f.ParentFolder"."Discriminator" = 'MediaFolder'
) AS "t" ON "f"."ParentFolderId" = "t"."Id"
WHERE ("f"."Discriminator" = 'MediaFolder') AND ("f"."Id" = @__id_0)
LIMIT 1
[2019-03-06 12:28:40.698 +02:00 INF] Microsoft.AspNetCore.Hosting.Internal.WebHost: Request starting HTTP/1.1 GET https://localhost:5001/Home/GetFile/30  
[2019-03-06 12:28:40.698 +02:00 INF] Microsoft.AspNetCore.Mvc.Internal.ControllerActionInvoker: Route matched with {action = "GetFile", controller = "Home", page = "", area = ""}. Executing action MediaGallery.Controllers.HomeController.GetFile (MediaGallery)
[2019-03-06 12:28:40.698 +02:00 INF] Microsoft.AspNetCore.Mvc.Internal.ControllerActionInvoker: Executing action method MediaGallery.Controllers.HomeController.GetFile (MediaGallery) with arguments (["30"]) - Validation state: "Valid"
[2019-03-06 12:28:40.699 +02:00 INF] Microsoft.EntityFrameworkCore.Infrastructure: Entity Framework Core 2.2.0-rtm-35687 initialized 'ApplicationDbContext' using provider 'Microsoft.EntityFrameworkCore.Sqlite' with options: None
[2019-03-06 12:28:40.701 +02:00 INF] Microsoft.EntityFrameworkCore.Database.Command: Executed DbCommand (0ms) [Parameters=[], CommandType='"Text"', CommandTimeout='30']
PRAGMA foreign_keys=ON;
[2019-03-06 12:28:40.702 +02:00 INF] Microsoft.EntityFrameworkCore.Database.Command: Executed DbCommand (1ms) [Parameters=[@__id_0='?'], CommandType='"Text"', CommandTimeout='30']
SELECT "p"."Id", "p"."Discriminator", "p"."ParentFolderId", "p"."Thumbnail", "p"."Title", "p"."FileName", "p"."Video_Latitude", "p"."Video_Longitude", "t"."Id", "t"."Discriminator", "t"."ParentFolderId", "t"."Thumbnail", "t"."Title"
FROM "Items" AS "p"
LEFT JOIN (
    SELECT "p.ParentFolder".*
    FROM "Items" AS "p.ParentFolder"
    WHERE "p.ParentFolder"."Discriminator" = 'MediaFolder'
) AS "t" ON "p"."ParentFolderId" = "t"."Id"
WHERE "p"."Discriminator" IN ('Video', 'Photo', 'MediaFolder') AND ("p"."Id" = @__id_0)
LIMIT 1
[2019-03-06 12:28:40.785 +02:00 ERR] MediaGallery.Controllers.HomeController: 
System.IO.FileNotFoundException: Could not find file 'D:\#Games and Apps\GITHUB\Polykas2018\22-AspNetCorePagingSolution\MediaGallery\wwwroot\gallery\id-logo-suur_520x478.png'.
File name: 'D:\#Games and Apps\GITHUB\Polykas2018\22-AspNetCorePagingSolution\MediaGallery\wwwroot\gallery\id-logo-suur_520x478.png'
   at System.IO.FileStream.ValidateFileHandle(SafeFileHandle fileHandle)
   at System.IO.FileStream.CreateFileOpenHandle(FileMode mode, FileShare share, FileOptions options)
   at System.IO.FileStream..ctor(String path, FileMode mode, FileAccess access, FileShare share, Int32 bufferSize, FileOptions options)
   at System.IO.FileStream..ctor(String path, FileMode mode, FileAccess access)
   at MediaGallery.FileSystem.LocalFileClient.GetFile(String path) in D:\#Games and Apps\GITHUB\Polykas2018\22-AspNetCorePagingSolution\MediaGallery\FileSystem\LocalFileClient.cs:line 25
   at MediaGallery.Controllers.HomeController.GetFile(Int32 id) in D:\#Games and Apps\GITHUB\Polykas2018\22-AspNetCorePagingSolution\MediaGallery\Controllers\HomeController.cs:line 241
[2019-03-06 12:28:40.908 +02:00 INF] Microsoft.AspNetCore.Mvc.Internal.ControllerActionInvoker: Executed action method MediaGallery.Controllers.HomeController.GetFile (MediaGallery), returned result Microsoft.AspNetCore.Mvc.EmptyResult in 209.5633ms.
[2019-03-06 12:28:40.908 +02:00 INF] Microsoft.AspNetCore.Mvc.Internal.ControllerActionInvoker: Executed action MediaGallery.Controllers.HomeController.GetFile (MediaGallery) in 209.9807ms
[2019-03-06 12:28:40.908 +02:00 INF] Microsoft.AspNetCore.Hosting.Internal.WebHost: Request finished in 210.837ms 200 
[2019-03-06 12:28:40.909 +02:00 INF] Microsoft.AspNetCore.Hosting.Internal.WebHost: Request starting HTTP/1.1 GET https://localhost:5001/Home/GetFile/24  
[2019-03-06 12:28:40.909 +02:00 INF] Microsoft.AspNetCore.Mvc.Internal.ControllerActionInvoker: Route matched with {action = "GetFile", controller = "Home", page = "", area = ""}. Executing action MediaGallery.Controllers.HomeController.GetFile (MediaGallery)
[2019-03-06 12:28:40.909 +02:00 INF] Microsoft.AspNetCore.Mvc.Internal.ControllerActionInvoker: Executing action method MediaGallery.Controllers.HomeController.GetFile (MediaGallery) with arguments (["24"]) - Validation state: "Valid"
[2019-03-06 12:28:40.910 +02:00 INF] Microsoft.EntityFrameworkCore.Infrastructure: Entity Framework Core 2.2.0-rtm-35687 initialized 'ApplicationDbContext' using provider 'Microsoft.EntityFrameworkCore.Sqlite' with options: None
[2019-03-06 12:28:40.911 +02:00 INF] Microsoft.EntityFrameworkCore.Database.Command: Executed DbCommand (0ms) [Parameters=[], CommandType='"Text"', CommandTimeout='30']
PRAGMA foreign_keys=ON;
[2019-03-06 12:28:40.912 +02:00 INF] Microsoft.EntityFrameworkCore.Database.Command: Executed DbCommand (1ms) [Parameters=[@__id_0='?'], CommandType='"Text"', CommandTimeout='30']
SELECT "p"."Id", "p"."Discriminator", "p"."ParentFolderId", "p"."Thumbnail", "p"."Title", "p"."FileName", "p"."Video_Latitude", "p"."Video_Longitude", "t"."Id", "t"."Discriminator", "t"."ParentFolderId", "t"."Thumbnail", "t"."Title"
FROM "Items" AS "p"
LEFT JOIN (
    SELECT "p.ParentFolder".*
    FROM "Items" AS "p.ParentFolder"
    WHERE "p.ParentFolder"."Discriminator" = 'MediaFolder'
) AS "t" ON "p"."ParentFolderId" = "t"."Id"
WHERE "p"."Discriminator" IN ('Video', 'Photo', 'MediaFolder') AND ("p"."Id" = @__id_0)
LIMIT 1
[2019-03-06 12:28:40.913 +02:00 INF] Microsoft.EntityFrameworkCore.Database.Command: Executed DbCommand (0ms) [Parameters=[], CommandType='"Text"', CommandTimeout='30']
PRAGMA foreign_keys=ON;
[2019-03-06 12:28:40.913 +02:00 INF] Microsoft.EntityFrameworkCore.Database.Command: Executed DbCommand (1ms) [Parameters=[@__id_0='?'], CommandType='"Text"', CommandTimeout='30']
SELECT "f"."Id", "f"."Discriminator", "f"."ParentFolderId", "f"."Thumbnail", "f"."Title", "t"."Id", "t"."Discriminator", "t"."ParentFolderId", "t"."Thumbnail", "t"."Title"
FROM "Items" AS "f"
LEFT JOIN (
    SELECT "f.ParentFolder".*
    FROM "Items" AS "f.ParentFolder"
    WHERE "f.ParentFolder"."Discriminator" = 'MediaFolder'
) AS "t" ON "f"."ParentFolderId" = "t"."Id"
WHERE ("f"."Discriminator" = 'MediaFolder') AND ("f"."Id" = @__id_0)
LIMIT 1
[2019-03-06 12:28:41.579 +02:00 INF] Microsoft.AspNetCore.Hosting.Internal.WebHost: Request starting HTTP/1.1 GET https://localhost:5001/Home/GetFile/32  
[2019-03-06 12:28:41.579 +02:00 INF] Microsoft.AspNetCore.Mvc.Internal.ControllerActionInvoker: Route matched with {action = "GetFile", controller = "Home", page = "", area = ""}. Executing action MediaGallery.Controllers.HomeController.GetFile (MediaGallery)
[2019-03-06 12:28:41.579 +02:00 INF] Microsoft.AspNetCore.Mvc.Internal.ControllerActionInvoker: Executing action method MediaGallery.Controllers.HomeController.GetFile (MediaGallery) with arguments (["32"]) - Validation state: "Valid"
[2019-03-06 12:28:41.579 +02:00 INF] Microsoft.EntityFrameworkCore.Infrastructure: Entity Framework Core 2.2.0-rtm-35687 initialized 'ApplicationDbContext' using provider 'Microsoft.EntityFrameworkCore.Sqlite' with options: None
[2019-03-06 12:28:41.580 +02:00 INF] Microsoft.EntityFrameworkCore.Database.Command: Executed DbCommand (0ms) [Parameters=[], CommandType='"Text"', CommandTimeout='30']
PRAGMA foreign_keys=ON;
[2019-03-06 12:28:41.581 +02:00 INF] Microsoft.EntityFrameworkCore.Database.Command: Executed DbCommand (0ms) [Parameters=[@__id_0='?'], CommandType='"Text"', CommandTimeout='30']
SELECT "p"."Id", "p"."Discriminator", "p"."ParentFolderId", "p"."Thumbnail", "p"."Title", "p"."FileName", "p"."Video_Latitude", "p"."Video_Longitude", "t"."Id", "t"."Discriminator", "t"."ParentFolderId", "t"."Thumbnail", "t"."Title"
FROM "Items" AS "p"
LEFT JOIN (
    SELECT "p.ParentFolder".*
    FROM "Items" AS "p.ParentFolder"
    WHERE "p.ParentFolder"."Discriminator" = 'MediaFolder'
) AS "t" ON "p"."ParentFolderId" = "t"."Id"
WHERE "p"."Discriminator" IN ('Video', 'Photo', 'MediaFolder') AND ("p"."Id" = @__id_0)
LIMIT 1
[2019-03-06 12:28:41.582 +02:00 INF] Microsoft.EntityFrameworkCore.Database.Command: Executed DbCommand (0ms) [Parameters=[], CommandType='"Text"', CommandTimeout='30']
PRAGMA foreign_keys=ON;
[2019-03-06 12:28:41.583 +02:00 INF] Microsoft.EntityFrameworkCore.Database.Command: Executed DbCommand (1ms) [Parameters=[@__id_0='?'], CommandType='"Text"', CommandTimeout='30']
SELECT "f"."Id", "f"."Discriminator", "f"."ParentFolderId", "f"."Thumbnail", "f"."Title", "t"."Id", "t"."Discriminator", "t"."ParentFolderId", "t"."Thumbnail", "t"."Title"
FROM "Items" AS "f"
LEFT JOIN (
    SELECT "f.ParentFolder".*
    FROM "Items" AS "f.ParentFolder"
    WHERE "f.ParentFolder"."Discriminator" = 'MediaFolder'
) AS "t" ON "f"."ParentFolderId" = "t"."Id"
WHERE ("f"."Discriminator" = 'MediaFolder') AND ("f"."Id" = @__id_0)
LIMIT 1
[2019-03-06 12:28:42.613 +02:00 INF] Microsoft.AspNetCore.Mvc.Internal.ControllerActionInvoker: Executed action method MediaGallery.Controllers.HomeController.GetFile (MediaGallery), returned result Microsoft.AspNetCore.Mvc.EmptyResult in 4079.2657000000004ms.
[2019-03-06 12:28:42.613 +02:00 INF] Microsoft.AspNetCore.Hosting.Internal.WebHost: Request starting HTTP/1.1 GET https://localhost:5001/Home/GetFile/31  
[2019-03-06 12:28:42.613 +02:00 INF] Microsoft.AspNetCore.Mvc.Internal.ControllerActionInvoker: Executed action MediaGallery.Controllers.HomeController.GetFile (MediaGallery) in 4089.2199ms
[2019-03-06 12:28:42.614 +02:00 INF] Microsoft.AspNetCore.Hosting.Internal.WebHost: Request finished in 4103.7984ms 200 
[2019-03-06 12:28:42.618 +02:00 INF] Microsoft.AspNetCore.Mvc.Internal.ControllerActionInvoker: Route matched with {action = "GetFile", controller = "Home", page = "", area = ""}. Executing action MediaGallery.Controllers.HomeController.GetFile (MediaGallery)
[2019-03-06 12:28:42.618 +02:00 INF] Microsoft.AspNetCore.Mvc.Internal.ControllerActionInvoker: Executing action method MediaGallery.Controllers.HomeController.GetFile (MediaGallery) with arguments (["31"]) - Validation state: "Valid"
[2019-03-06 12:28:42.619 +02:00 INF] Microsoft.EntityFrameworkCore.Infrastructure: Entity Framework Core 2.2.0-rtm-35687 initialized 'ApplicationDbContext' using provider 'Microsoft.EntityFrameworkCore.Sqlite' with options: None
[2019-03-06 12:28:42.623 +02:00 INF] Microsoft.EntityFrameworkCore.Database.Command: Executed DbCommand (0ms) [Parameters=[], CommandType='"Text"', CommandTimeout='30']
PRAGMA foreign_keys=ON;
[2019-03-06 12:28:42.627 +02:00 INF] Microsoft.EntityFrameworkCore.Database.Command: Executed DbCommand (2ms) [Parameters=[@__id_0='?'], CommandType='"Text"', CommandTimeout='30']
SELECT "p"."Id", "p"."Discriminator", "p"."ParentFolderId", "p"."Thumbnail", "p"."Title", "p"."FileName", "p"."Video_Latitude", "p"."Video_Longitude", "t"."Id", "t"."Discriminator", "t"."ParentFolderId", "t"."Thumbnail", "t"."Title"
FROM "Items" AS "p"
LEFT JOIN (
    SELECT "p.ParentFolder".*
    FROM "Items" AS "p.ParentFolder"
    WHERE "p.ParentFolder"."Discriminator" = 'MediaFolder'
) AS "t" ON "p"."ParentFolderId" = "t"."Id"
WHERE "p"."Discriminator" IN ('Video', 'Photo', 'MediaFolder') AND ("p"."Id" = @__id_0)
LIMIT 1
[2019-03-06 12:28:42.631 +02:00 INF] Microsoft.EntityFrameworkCore.Database.Command: Executed DbCommand (0ms) [Parameters=[], CommandType='"Text"', CommandTimeout='30']
PRAGMA foreign_keys=ON;
[2019-03-06 12:28:42.633 +02:00 INF] Microsoft.EntityFrameworkCore.Database.Command: Executed DbCommand (2ms) [Parameters=[@__id_0='?'], CommandType='"Text"', CommandTimeout='30']
SELECT "f"."Id", "f"."Discriminator", "f"."ParentFolderId", "f"."Thumbnail", "f"."Title", "t"."Id", "t"."Discriminator", "t"."ParentFolderId", "t"."Thumbnail", "t"."Title"
FROM "Items" AS "f"
LEFT JOIN (
    SELECT "f.ParentFolder".*
    FROM "Items" AS "f.ParentFolder"
    WHERE "f.ParentFolder"."Discriminator" = 'MediaFolder'
) AS "t" ON "f"."ParentFolderId" = "t"."Id"
WHERE ("f"."Discriminator" = 'MediaFolder') AND ("f"."Id" = @__id_0)
LIMIT 1
[2019-03-06 12:28:42.645 +02:00 INF] Microsoft.AspNetCore.Mvc.Internal.ControllerActionInvoker: Executed action method MediaGallery.Controllers.HomeController.GetFile (MediaGallery), returned result Microsoft.AspNetCore.Mvc.EmptyResult in 26.2511ms.
[2019-03-06 12:28:42.645 +02:00 INF] Microsoft.AspNetCore.Mvc.Internal.ControllerActionInvoker: Executed action MediaGallery.Controllers.HomeController.GetFile (MediaGallery) in 27.0971ms
[2019-03-06 12:28:42.645 +02:00 INF] Microsoft.AspNetCore.Hosting.Internal.WebHost: Request finished in 32.0336ms 200 
[2019-03-06 12:28:42.646 +02:00 INF] Microsoft.AspNetCore.Mvc.Internal.ControllerActionInvoker: Executed action method MediaGallery.Controllers.HomeController.GetFile (MediaGallery), returned result Microsoft.AspNetCore.Mvc.EmptyResult in 1736.6992ms.
[2019-03-06 12:28:42.646 +02:00 INF] Microsoft.AspNetCore.Mvc.Internal.ControllerActionInvoker: Executed action MediaGallery.Controllers.HomeController.GetFile (MediaGallery) in 1737.1144000000002ms
[2019-03-06 12:28:42.646 +02:00 INF] Microsoft.AspNetCore.Hosting.Internal.WebHost: Request finished in 1737.606ms 200 
[2019-03-06 12:28:42.653 +02:00 INF] Microsoft.AspNetCore.Hosting.Internal.WebHost: Request starting HTTP/1.1 GET https://localhost:5001/assets/pages/css/animate.css  
[2019-03-06 12:28:42.665 +02:00 INF] Microsoft.AspNetCore.Hosting.Internal.WebHost: Request starting HTTP/1.1 GET https://localhost:5001/assets/plugins/bootstrap/css/bootstrap.min.css  
[2019-03-06 12:28:42.677 +02:00 INF] Microsoft.AspNetCore.Hosting.Internal.WebHost: Request starting HTTP/1.1 GET https://localhost:5001/assets/plugins/bootstrap/js/bootstrap.min.js  
[2019-03-06 12:28:42.687 +02:00 INF] Microsoft.AspNetCore.Mvc.Internal.ControllerActionInvoker: Executed action method MediaGallery.Controllers.HomeController.GetFile (MediaGallery), returned result Microsoft.AspNetCore.Mvc.EmptyResult in 1993.2694000000001ms.
[2019-03-06 12:28:42.688 +02:00 INF] Microsoft.AspNetCore.Mvc.Internal.ControllerActionInvoker: Executed action MediaGallery.Controllers.HomeController.GetFile (MediaGallery) in 1994.2725ms
[2019-03-06 12:28:42.688 +02:00 INF] Microsoft.AspNetCore.Hosting.Internal.WebHost: Request finished in 1995.1313ms 200 
[2019-03-06 12:28:42.689 +02:00 INF] Microsoft.AspNetCore.Hosting.Internal.WebHost: Request starting HTTP/1.1 GET https://localhost:5001/assets/plugins/font-awesome/css/font-awesome.min.css  
[2019-03-06 12:28:42.690 +02:00 INF] Microsoft.AspNetCore.StaticFiles.StaticFileMiddleware: Sending file. Request path: '/assets/pages/css/animate.css'. Physical path: 'D:\#Games and Apps\GITHUB\Polykas2018\22-AspNetCorePagingSolution\MediaGallery\wwwroot\assets\pages\css\animate.css'
[2019-03-06 12:28:42.690 +02:00 INF] Microsoft.AspNetCore.Hosting.Internal.WebHost: Request finished in 37.0944ms 200 text/css
[2019-03-06 12:28:42.691 +02:00 INF] Microsoft.AspNetCore.StaticFiles.StaticFileMiddleware: Sending file. Request path: '/assets/plugins/bootstrap/css/bootstrap.min.css'. Physical path: 'D:\#Games and Apps\GITHUB\Polykas2018\22-AspNetCorePagingSolution\MediaGallery\wwwroot\assets\plugins\bootstrap\css\bootstrap.min.css'
[2019-03-06 12:28:42.691 +02:00 INF] Microsoft.AspNetCore.Hosting.Internal.WebHost: Request finished in 25.6442ms 200 text/css
[2019-03-06 12:28:42.691 +02:00 INF] Microsoft.AspNetCore.Hosting.Internal.WebHost: Request starting HTTP/1.1 GET https://localhost:5001/assets/plugins/jquery.min.js  
[2019-03-06 12:28:42.697 +02:00 INF] Microsoft.AspNetCore.StaticFiles.StaticFileMiddleware: Sending file. Request path: '/assets/plugins/font-awesome/css/font-awesome.min.css'. Physical path: 'D:\#Games and Apps\GITHUB\Polykas2018\22-AspNetCorePagingSolution\MediaGallery\wwwroot\assets\plugins\font-awesome\css\font-awesome.min.css'
[2019-03-06 12:28:42.698 +02:00 INF] Microsoft.AspNetCore.Hosting.Internal.WebHost: Request finished in 8.2014ms 200 text/css
[2019-03-06 12:28:42.698 +02:00 INF] Microsoft.AspNetCore.Hosting.Internal.WebHost: Request starting HTTP/1.1 GET https://localhost:5001/assets/corporate/img/icons/toggler.png  
[2019-03-06 12:28:42.698 +02:00 INF] Microsoft.AspNetCore.Hosting.Internal.WebHost: Request finished in 0.305ms 404 
[2019-03-06 12:28:42.719 +02:00 INF] Microsoft.AspNetCore.StaticFiles.StaticFileMiddleware: Sending file. Request path: '/assets/plugins/bootstrap/js/bootstrap.min.js'. Physical path: 'D:\#Games and Apps\GITHUB\Polykas2018\22-AspNetCorePagingSolution\MediaGallery\wwwroot\assets\plugins\bootstrap\js\bootstrap.min.js'
[2019-03-06 12:28:42.719 +02:00 INF] Microsoft.AspNetCore.Hosting.Internal.WebHost: Request finished in 43.2379ms 200 application/javascript
[2019-03-06 12:28:42.727 +02:00 INF] Microsoft.AspNetCore.Mvc.Internal.ControllerActionInvoker: Executed action method MediaGallery.Controllers.HomeController.GetFile (MediaGallery), returned result Microsoft.AspNetCore.Mvc.EmptyResult in 2039.3803ms.
[2019-03-06 12:28:42.728 +02:00 INF] Microsoft.AspNetCore.Mvc.Internal.ControllerActionInvoker: Executed action MediaGallery.Controllers.HomeController.GetFile (MediaGallery) in 2041.8537000000001ms
[2019-03-06 12:28:42.728 +02:00 INF] Microsoft.AspNetCore.Hosting.Internal.WebHost: Request starting HTTP/1.1 GET https://localhost:5001/assets/plugins/font-awesome/fonts/fontawesome-webfont.woff2?v=4.3.0  
[2019-03-06 12:28:42.729 +02:00 INF] Microsoft.AspNetCore.Hosting.Internal.WebHost: Request finished in 2043.1671ms 200 
[2019-03-06 12:28:42.734 +02:00 INF] Microsoft.AspNetCore.Mvc.Internal.ControllerActionInvoker: Executed action method MediaGallery.Controllers.HomeController.GetFile (MediaGallery), returned result Microsoft.AspNetCore.Mvc.EmptyResult in 1155.1752000000001ms.
[2019-03-06 12:28:42.734 +02:00 INF] Microsoft.AspNetCore.Mvc.Internal.ControllerActionInvoker: Executed action MediaGallery.Controllers.HomeController.GetFile (MediaGallery) in 1155.4808ms
[2019-03-06 12:28:42.735 +02:00 INF] Microsoft.AspNetCore.Hosting.Internal.WebHost: Request finished in 1155.8516ms 200 
[2019-03-06 12:28:42.738 +02:00 INF] Microsoft.AspNetCore.StaticFiles.StaticFileMiddleware: Sending file. Request path: '/assets/plugins/font-awesome/fonts/fontawesome-webfont.woff2'. Physical path: 'D:\#Games and Apps\GITHUB\Polykas2018\22-AspNetCorePagingSolution\MediaGallery\wwwroot\assets\plugins\font-awesome\fonts\fontawesome-webfont.woff2'
[2019-03-06 12:28:42.738 +02:00 INF] Microsoft.AspNetCore.Hosting.Internal.WebHost: Request finished in 9.1785ms 200 font/woff2
[2019-03-06 12:28:42.779 +02:00 INF] Microsoft.AspNetCore.Mvc.Internal.ControllerActionInvoker: Executed action method MediaGallery.Controllers.HomeController.GetFile (MediaGallery), returned result Microsoft.AspNetCore.Mvc.EmptyResult in 2088.7833ms.
[2019-03-06 12:28:42.779 +02:00 INF] Microsoft.AspNetCore.Mvc.Internal.ControllerActionInvoker: Executed action MediaGallery.Controllers.HomeController.GetFile (MediaGallery) in 2089.3427ms
[2019-03-06 12:28:42.780 +02:00 INF] Microsoft.AspNetCore.Hosting.Internal.WebHost: Request finished in 2089.7985ms 200 
[2019-03-06 12:28:42.780 +02:00 INF] Microsoft.AspNetCore.Mvc.Internal.ControllerActionInvoker: Executed action method MediaGallery.Controllers.HomeController.GetFile (MediaGallery), returned result Microsoft.AspNetCore.Mvc.EmptyResult in 3178.5167ms.
[2019-03-06 12:28:42.780 +02:00 INF] Microsoft.AspNetCore.Mvc.Internal.ControllerActionInvoker: Executed action MediaGallery.Controllers.HomeController.GetFile (MediaGallery) in 3180.3031ms
[2019-03-06 12:28:42.781 +02:00 INF] Microsoft.AspNetCore.Hosting.Internal.WebHost: Request finished in 3184.502ms 200 
[2019-03-06 12:28:42.830 +02:00 INF] Microsoft.AspNetCore.Mvc.Internal.ControllerActionInvoker: Executed action method MediaGallery.Controllers.HomeController.GetFile (MediaGallery), returned result Microsoft.AspNetCore.Mvc.EmptyResult in 4204.0929000000006ms.
[2019-03-06 12:28:42.831 +02:00 INF] Microsoft.AspNetCore.Mvc.Internal.ControllerActionInvoker: Executed action MediaGallery.Controllers.HomeController.GetFile (MediaGallery) in 4205.7177ms
[2019-03-06 12:28:42.832 +02:00 INF] Microsoft.AspNetCore.Hosting.Internal.WebHost: Request finished in 4206.7697ms 200 
[2019-03-06 12:28:42.842 +02:00 INF] Microsoft.AspNetCore.StaticFiles.StaticFileMiddleware: Sending file. Request path: '/assets/plugins/jquery.min.js'. Physical path: 'D:\#Games and Apps\GITHUB\Polykas2018\22-AspNetCorePagingSolution\MediaGallery\wwwroot\assets\plugins\jquery.min.js'
[2019-03-06 12:28:42.842 +02:00 INF] Microsoft.AspNetCore.Hosting.Internal.WebHost: Request finished in 151.2473ms 200 application/javascript
[2019-03-06 12:28:45.312 +02:00 INF] Microsoft.AspNetCore.Hosting.Internal.WebHost: Request starting HTTP/1.1 GET https://localhost:5001/Identity/Account/Login  
[2019-03-06 12:28:45.345 +02:00 INF] Microsoft.AspNetCore.Mvc.RazorPages.Internal.PageActionInvoker: Route matched with {page = "/Account/Login", area = "Identity", action = "", controller = ""}. Executing page /Account/Login
[2019-03-06 12:28:45.368 +02:00 INF] Microsoft.AspNetCore.Mvc.RazorPages.Internal.PageActionInvoker: Executing handler method Microsoft.AspNetCore.Identity.UI.V3.Pages.Account.Internal.LoginModel.OnGetAsync with arguments ([""]) - ModelState is "Valid"
[2019-03-06 12:28:45.377 +02:00 INF] Microsoft.AspNetCore.Authentication.Cookies.CookieAuthenticationHandler: AuthenticationScheme: Identity.External signed out.
[2019-03-06 12:28:45.380 +02:00 INF] Microsoft.AspNetCore.Mvc.RazorPages.Internal.PageActionInvoker: Executed handler method OnGetAsync, returned result .
[2019-03-06 12:28:45.382 +02:00 INF] Microsoft.AspNetCore.Mvc.RazorPages.Internal.PageActionInvoker: Executing an implicit handler method - ModelState is "Valid"
[2019-03-06 12:28:45.382 +02:00 INF] Microsoft.AspNetCore.Mvc.RazorPages.Internal.PageActionInvoker: Executed an implicit handler method, returned result Microsoft.AspNetCore.Mvc.RazorPages.PageResult.
[2019-03-06 12:28:45.541 +02:00 INF] Microsoft.AspNetCore.Mvc.RazorPages.Internal.PageActionInvoker: Executed page /Account/Login in 195.77970000000002ms
[2019-03-06 12:28:45.554 +02:00 INF] Microsoft.AspNetCore.Hosting.Internal.WebHost: Request finished in 242.5356ms 200 text/html; charset=utf-8
[2019-03-06 12:28:45.587 +02:00 INF] Microsoft.AspNetCore.Hosting.Internal.WebHost: Request starting HTTP/1.1 GET https://localhost:5001/Identity/lib/jquery-validation-unobtrusive/jquery.validate.unobtrusive.js  
[2019-03-06 12:28:45.587 +02:00 INF] Microsoft.AspNetCore.Hosting.Internal.WebHost: Request starting HTTP/1.1 GET https://localhost:5001/Identity/Account/assets/corporate/img/logos/logo-shop-red.png  
[2019-03-06 12:28:45.588 +02:00 INF] Microsoft.AspNetCore.Hosting.Internal.WebHost: Request starting HTTP/1.1 GET https://localhost:5001/Identity/lib/jquery-validation/dist/jquery.validate.js  
[2019-03-06 12:28:45.588 +02:00 INF] Microsoft.AspNetCore.Hosting.Internal.WebHost: Request finished in 0.3765ms 404 
[2019-03-06 12:28:45.589 +02:00 INF] Microsoft.AspNetCore.StaticFiles.StaticFileMiddleware: Sending file. Request path: '/Identity/lib/jquery-validation-unobtrusive/jquery.validate.unobtrusive.js'. Physical path: 'N/A'
[2019-03-06 12:28:45.589 +02:00 INF] Microsoft.AspNetCore.Hosting.Internal.WebHost: Request finished in 2.0536ms 200 application/javascript
[2019-03-06 12:28:45.589 +02:00 INF] Microsoft.AspNetCore.StaticFiles.StaticFileMiddleware: Sending file. Request path: '/Identity/lib/jquery-validation/dist/jquery.validate.js'. Physical path: 'N/A'
[2019-03-06 12:28:45.589 +02:00 INF] Microsoft.AspNetCore.Hosting.Internal.WebHost: Request finished in 1.8254ms 200 application/javascript
[2019-03-06 12:28:45.677 +02:00 INF] Microsoft.AspNetCore.Hosting.Internal.WebHost: Request starting HTTP/1.1 GET https://localhost:5001/assets/corporate/img/icons/toggler.png  
[2019-03-06 12:28:45.677 +02:00 INF] Microsoft.AspNetCore.Hosting.Internal.WebHost: Request finished in 0.3424ms 404 
[2019-03-06 12:28:47.983 +02:00 INF] Microsoft.AspNetCore.Hosting.Internal.WebHost: Request starting HTTP/1.1 POST https://localhost:5001/Identity/Account/Login application/x-www-form-urlencoded 264
[2019-03-06 12:28:47.984 +02:00 INF] Microsoft.AspNetCore.Mvc.RazorPages.Internal.PageActionInvoker: Route matched with {page = "/Account/Login", area = "Identity", action = "", controller = ""}. Executing page /Account/Login
[2019-03-06 12:28:48.036 +02:00 INF] Microsoft.AspNetCore.Mvc.RazorPages.Internal.PageActionInvoker: Executing handler method Microsoft.AspNetCore.Identity.UI.V3.Pages.Account.Internal.LoginModel.OnPostAsync with arguments ([""]) - ModelState is "Valid"
[2019-03-06 12:28:48.045 +02:00 INF] Microsoft.EntityFrameworkCore.Infrastructure: Entity Framework Core 2.2.0-rtm-35687 initialized 'ApplicationDbContext' using provider 'Microsoft.EntityFrameworkCore.Sqlite' with options: None
[2019-03-06 12:28:48.101 +02:00 INF] Microsoft.EntityFrameworkCore.Database.Command: Executed DbCommand (0ms) [Parameters=[], CommandType='"Text"', CommandTimeout='30']
PRAGMA foreign_keys=ON;
[2019-03-06 12:28:48.113 +02:00 INF] Microsoft.EntityFrameworkCore.Database.Command: Executed DbCommand (6ms) [Parameters=[@__normalizedUserName_0='?' (Size = 17)], CommandType='"Text"', CommandTimeout='30']
SELECT "u"."Id", "u"."AccessFailedCount", "u"."ConcurrencyStamp", "u"."Email", "u"."EmailConfirmed", "u"."LockoutEnabled", "u"."LockoutEnd", "u"."NormalizedEmail", "u"."NormalizedUserName", "u"."PasswordHash", "u"."PhoneNumber", "u"."PhoneNumberConfirmed", "u"."SecurityStamp", "u"."TwoFactorEnabled", "u"."UserName"
FROM "AspNetUsers" AS "u"
WHERE "u"."NormalizedUserName" = @__normalizedUserName_0
LIMIT 1
[2019-03-06 12:28:48.123 +02:00 INF] Microsoft.AspNetCore.Mvc.RazorPages.Internal.PageActionInvoker: Executed handler method OnPostAsync, returned result Microsoft.AspNetCore.Mvc.RazorPages.PageResult.
[2019-03-06 12:28:48.130 +02:00 INF] Microsoft.AspNetCore.Mvc.RazorPages.Internal.PageActionInvoker: Executed page /Account/Login in 146.3186ms
[2019-03-06 12:28:48.131 +02:00 INF] Microsoft.AspNetCore.Hosting.Internal.WebHost: Request finished in 147.6245ms 200 text/html; charset=utf-8
[2019-03-06 12:28:48.167 +02:00 INF] Microsoft.AspNetCore.Hosting.Internal.WebHost: Request starting HTTP/1.1 GET https://localhost:5001/Identity/Account/assets/corporate/img/logos/logo-shop-red.png  
[2019-03-06 12:28:48.167 +02:00 INF] Microsoft.AspNetCore.Hosting.Internal.WebHost: Request finished in 0.8899ms 404 
[2019-03-06 12:28:48.218 +02:00 INF] Microsoft.AspNetCore.Hosting.Internal.WebHost: Request starting HTTP/1.1 GET https://localhost:5001/assets/corporate/img/icons/toggler.png  
[2019-03-06 12:28:48.219 +02:00 INF] Microsoft.AspNetCore.Hosting.Internal.WebHost: Request finished in 0.3103ms 404 
